Arguments: 
  /Users/xiacan/.nvm/versions/node/v8.12.0/bin/node /Users/xiacan/.yarn/bin/yarn.js start

PATH: 
  /usr/local/opt/icu4c/bin:/usr/local/opt/mysql@5.6/bin:/Users/xiacan/.yarn/bin:/Users/xiacan/.config/yarn/global/node_modules/.bin:/usr/local/opt/node@8/bin:/Users/xiacan/.nvm/versions/node/v8.12.0/bin:/Users/xiacan/Downloads/Visual Studio Code.app/Contents/Resources/app/bin:/usr/local/bin:/usr/bin:/bin:/usr/sbin:/sbin:/usr/local/opt/icu4c/bin:/usr/local/opt/mysql@5.6/bin:/Users/xiacan/.yarn/bin:/Users/xiacan/.config/yarn/global/node_modules/.bin:/usr/local/opt/node@8/bin:/Users/xiacan/Downloads/Visual Studio Code.app/Contents/Resources/app/bin

Yarn version: 
  1.5.1

Node version: 
  8.12.0

Platform: 
  darwin x64

npm manifest: 
  No manifest

yarn manifest: 
  No manifest

Lockfile: 
  No lockfile

Trace: 
  Error: Couldn't find a package.json file in "/Users/xiacan/Documents/web/react-native/lg-full-stack"
      at new MessageError (/Users/xiacan/.yarn/lib/cli.js:186:110)
      at /Users/xiacan/.yarn/lib/cli.js:40048:15
      at Generator.next (<anonymous>)
      at step (/Users/xiacan/.yarn/lib/cli.js:98:30)
      at /Users/xiacan/.yarn/lib/cli.js:109:13
      at <anonymous>
