Arguments: 
  /usr/local/Cellar/node/10.7.0/bin/node /Users/xiacan/.yarn/bin/yarn.js ios

PATH: 
  /usr/local/opt/icu4c/bin:/usr/local/opt/mysql@5.6/bin:/Users/xiacan/.yarn/bin:/Users/xiacan/.config/yarn/global/node_modules/.bin:/usr/local/opt/node@8/bin:/Users/xiacan/Downloads/Visual Studio Code.app/Contents/Resources/app/bin:/usr/local/bin:/usr/bin:/bin:/usr/sbin:/sbin:/usr/local/opt/icu4c/bin:/usr/local/opt/mysql@5.6/bin:/Users/xiacan/.yarn/bin:/Users/xiacan/.config/yarn/global/node_modules/.bin:/usr/local/opt/node@8/bin:/Users/xiacan/Downloads/Visual Studio Code.app/Contents/Resources/app/bin

Yarn version: 
  1.5.1

Node version: 
  10.7.0

Platform: 
  darwin x64

npm manifest: 
  {
    "name": "empty-project-template",
    "main": "node_modules/expo/AppEntry.js",
    "private": true,
    "scripts": {
      "start": "expo start",
      "android": "expo start --android",
      "ios": "expo start --ios",
      "eject": "expo eject"
    },
    "dependencies": {
      "expo": "^30.0.1",
      "react": "16.3.1",
      "react-native": "https://github.com/expo/react-native/archive/sdk-30.0.0.tar.gz"
    }
  }

yarn manifest: 
  No manifest

Lockfile: 
  No lockfile

Trace: 
  Error: Command failed.
  Exit code: 1
  Command: sh
  Arguments: -c expo start --ios
  Directory: /Users/xiacan/Documents/web/react-native/lg-full-stack/app
  Output:
  
      at ProcessTermError.MessageError (/Users/xiacan/.yarn/lib/cli.js:186:110)
      at new ProcessTermError (/Users/xiacan/.yarn/lib/cli.js:226:113)
      at ChildProcess.<anonymous> (/Users/xiacan/.yarn/lib/cli.js:30281:17)
      at ChildProcess.emit (events.js:182:13)
      at maybeClose (internal/child_process.js:961:16)
      at Process.ChildProcess._handle.onexit (internal/child_process.js:248:5)
